<?xml version="1.0" encoding="UTF-8"?>
<testsuite name="Runner.Runner" time="11.969" tests="3" errors="0" skipped="0" failures="0">
  <properties>
    <property name="EFC_10716" value="1"/>
    <property name="PROCESSOR_ARCHITECTURE" value="AMD64"/>
    <property name="LOGONSERVER" value="\\LAPTOP-0TNBCBLL"/>
    <property name="ProgramData" value="C:\ProgramData"/>
    <property name="java.home" value="C:\Program Files\AdoptOpenJDK\jdk-11.0.9.101-hotspot"/>
    <property name="NODE_NAME" value="built-in"/>
    <property name="JENKINS_URL" value="http://localhost:8080/"/>
    <property name="ALLUSERSPROFILE" value="C:\ProgramData"/>
    <property name="OneDriveCommercial" value="C:\Users\mahen\OneDrive - Sri Lanka Institute of Information Technology"/>
    <property name="PSModulePath" value="C:\Program Files\WindowsPowerShell\Modules;C:\WINDOWS\system32\WindowsPowerShell\v1.0\Modules"/>
    <property name="=::" value="::\"/>
    <property name="USERDOMAIN" value="LAPTOP-0TNBCBLL"/>
    <property name="sun.os.patch.level" value=""/>
    <property name="java.vendor.url" value="https://adoptopenjdk.net/"/>
    <property name="CommonProgramFiles(x86)" value="C:\Program Files (x86)\Common Files"/>
    <property name="java.version" value="11.0.9.1"/>
    <property name="JOB_NAME" value="Tranmedia"/>
    <property name="=F:" value="F:\jenkins"/>
    <property name="COMPUTERNAME" value="LAPTOP-0TNBCBLL"/>
    <property name="java.vendor.url.bug" value="https://github.com/AdoptOpenJDK/openjdk-support/issues"/>
    <property name="PUBLIC" value="C:\Users\Public"/>
    <property name="java.version.date" value="2020-11-04"/>
    <property name="jdk.debug" value="release"/>
    <property name="ChocolateyLastPathUpdate" value="133278554684110810"/>
    <property name="user.name" value="mahen"/>
    <property name="sun.io.unicode.encoding" value="UnicodeLittle"/>
    <property name="sun.jnu.encoding" value="Cp1252"/>
    <property name="java.runtime.name" value="OpenJDK Runtime Environment"/>
    <property name="windir" value="C:\WINDOWS"/>
    <property name="PROCESSOR_IDENTIFIER" value="Intel64 Family 6 Model 140 Stepping 1, GenuineIntel"/>
    <property name="IntelliJ IDEA Community Edition" value="C:\Users\mahen\AppData\Local\JetBrains\IntelliJ IDEA Community Edition 2022.1\bin;"/>
    <property name="java.specification.name" value="Java Platform API Specification"/>
    <property name="LOCALAPPDATA" value="C:\Users\mahen\AppData\Local"/>
    <property name="RUN_CHANGES_DISPLAY_URL" value="http://localhost:8080/job/Tranmedia/6/display/redirect?page=changes"/>
    <property name="user.timezone" value="Asia/Colombo"/>
    <property name="user.script" value=""/>
    <property name="path.separator" value=";"/>
    <property name="NUMBER_OF_PROCESSORS" value="8"/>
    <property name="BUILD_TAG" value="jenkins-Tranmedia-6"/>
    <property name="file.encoding" value="Cp1252"/>
    <property name="sun.java.command" value="jenkins.maven3.agent.Maven35Main C:\Users\mahen\.jenkins\tools\hudson.tasks.Maven_MavenInstallation\Apache_Maven C:\Users\mahen\.jenkins\war\WEB-INF\lib\remoting-3206.vb_15dcf73f6a_9.jar C:\Users\mahen\.jenkins\plugins\maven-plugin\WEB-INF\lib\maven35-interceptor-1.14.jar C:\Users\mahen\.jenkins\plugins\maven-plugin\WEB-INF\lib\maven3-interceptor-commons-1.14.jar 58863"/>
    <property name="HUDSON_URL" value="http://localhost:8080/"/>
    <property name="JENKINS_SERVER_COOKIE" value="54633065b4eea17f"/>
    <property name="EXECUTOR_NUMBER" value="0"/>
    <property name="Path" value="C:\Python311\Scripts\;C:\Python311\;C:\Program Files (x86)\VMware\VMware Workstation\bin\;C:\Program Files\AdoptOpenJDK\jdk-11.0.9.101-hotspot\bin;C:\Program Files\Common Files\Oracle\Java\javapath;C:\Program Files (x86)\Common Files\Oracle\Java\javapath;C:\Windows\system32;C:\Windows;C:\Windows\System32\Wbem;C:\Windows\System32\WindowsPowerShell\v1.0\;C:\Windows\System32\OpenSSH\;C:\Program Files (x86)\NVIDIA Corporation\PhysX\Common;C:\WINDOWS\system32;C:\WINDOWS;C:\WINDOWS\System32\Wbem;C:\WINDOWS\System32\WindowsPowerShell\v1.0\;C:\WINDOWS\System32\OpenSSH\;C:\Program Files\Java\jdk-14\bin;C:\Program Files\Git\cmd;C:\Program Files\Microsoft SQL Server\150\Tools\Binn\;C:\Program Files\Microsoft SQL Server\Client SDK\ODBC\170\Tools\Binn\;C:\Program Files\dotnet\;C:\WINDOWS\system32;C:\WINDOWS;C:\WINDOWS\System32\Wbem;C:\WINDOWS\System32\WindowsPowerShell\v1.0\;C:\WINDOWS\System32\OpenSSH\;C:\Program Files\apache-maven-4.0.0-alpha-4\bin;C:\Program Files\nodejs\;C:\ProgramData\chocolatey\bin;C:\xampp\php;C:\composer;C:\Users\mahen\AppData\Local\Programs\Python\Python310\Scripts\;C:\Users\mahen\AppData\Local\Programs\Python\Python310\;C:\Program Files\Java\jdk-14\bin;C:\Program Files\JetBrains\IntelliJ IDEA 2022.1\bin;;C:\Program Files\flutter_windows_2.10.5-stable\flutter\bin;C:\Users\mahen\AppData\Local\JetBrains\IntelliJ IDEA Community Edition 2022.1\bin;;C:\Users\mahen\.dotnet\tools;C:\Users\mahen\AppData\Local\Microsoft\WindowsApps;C:\Users\mahen\AppData\Local\GitHubDesktop\bin;C:\Users\mahen\AppData\Local\Programs\Microsoft VS Code\bin;C:\Users\mahen\AppData\Roaming\npm;C:\Users\mahen\AppData\Roaming\Composer\vendor\bin"/>
    <property name="java.io.tmpdir" value="C:\Users\mahen\AppData\Local\Temp\"/>
    <property name="APPDATA" value="C:\Users\mahen\AppData\Roaming"/>
    <property name="user.language" value="en"/>
    <property name="line.separator" value="&#10;"/>
    <property name="BUILD_URL" value="http://localhost:8080/job/Tranmedia/6/"/>
    <property name="M2_HOME" value="C:\Users\mahen\.jenkins\tools\hudson.tasks.Maven_MavenInstallation\Apache_Maven"/>
    <property name="PATH+CHROMEDRIVER" value="C:\Users\mahen\.jenkins\tools\chromedriver"/>
    <property name="ZES_ENABLE_SYSMAN" value="1"/>
    <property name="java.vm.info" value="mixed mode"/>
    <property name="DriverData" value="C:\Windows\System32\Drivers\DriverData"/>
    <property name="sun.desktop" value="windows"/>
    <property name="java.vm.specification.name" value="Java Virtual Machine Specification"/>
    <property name="CI" value="true"/>
    <property name="BUILD_DISPLAY_NAME" value="#6"/>
    <property name="OS" value="Windows_NT"/>
    <property name="guice.disable.misplaced.annotation.check" value="true"/>
    <property name="HUDSON_SERVER_COOKIE" value="54633065b4eea17f"/>
    <property name="WORKSPACE_TMP" value="C:\Users\mahen\.jenkins\workspace\Tranmedia@tmp"/>
    <property name="MAVEN_HOME" value="C:\Users\mahen\.jenkins\tools\hudson.tasks.Maven_MavenInstallation\Apache_Maven"/>
    <property name="SESSIONNAME" value="Console"/>
    <property name="PATHEXT" value=".COM;.EXE;.BAT;.CMD;.VBS;.VBE;.JS;.JSE;.WSF;.WSH;.MSC;.PY;.PYW"/>
    <property name="java.awt.printerjob" value="sun.awt.windows.WPrinterJob"/>
    <property name="maven3.interceptor.common" value="C:\Users\mahen\.jenkins\plugins\maven-plugin\WEB-INF\lib\maven3-interceptor-commons-1.14.jar"/>
    <property name="CLASSPATH" value=""/>
    <property name="jansi.mode" value="strip"/>
    <property name="HOMEPATH" value="\Users\mahen"/>
    <property name="os.name" value="Windows 10"/>
    <property name="java.specification.vendor" value="Oracle Corporation"/>
    <property name="BUILD_NUMBER" value="6"/>
    <property name="java.vm.name" value="OpenJDK 64-Bit Server VM"/>
    <property name="maven3.interceptor" value="C:\Users\mahen\.jenkins\plugins\maven-plugin\WEB-INF\lib\maven35-interceptor-1.14.jar"/>
    <property name="java.library.path" value="C:\Program Files\AdoptOpenJDK\jdk-11.0.9.101-hotspot\bin;C:\WINDOWS\Sun\Java\bin;C:\WINDOWS\system32;C:\WINDOWS;C:\Users\mahen\.jenkins\tools\hudson.tasks.Maven_MavenInstallation\Apache_Maven/bin;C:\Users\mahen\.jenkins\tools\chromedriver;C:\Python311\Scripts\;C:\Python311\;C:\Program Files (x86)\VMware\VMware Workstation\bin\;C:\Program Files\AdoptOpenJDK\jdk-11.0.9.101-hotspot\bin;C:\Program Files\Common Files\Oracle\Java\javapath;C:\Program Files (x86)\Common Files\Oracle\Java\javapath;C:\Windows\system32;C:\Windows;C:\Windows\System32\Wbem;C:\Windows\System32\WindowsPowerShell\v1.0\;C:\Windows\System32\OpenSSH\;C:\Program Files (x86)\NVIDIA Corporation\PhysX\Common;C:\WINDOWS\system32;C:\WINDOWS;C:\WINDOWS\System32\Wbem;C:\WINDOWS\System32\WindowsPowerShell\v1.0\;C:\WINDOWS\System32\OpenSSH\;C:\Program Files\Java\jdk-14\bin;C:\Program Files\Git\cmd;C:\Program Files\Microsoft SQL Server\150\Tools\Binn\;C:\Program Files\Microsoft SQL Server\Client SDK\ODBC\170\Tools\Binn\;C:\Program Files\dotnet\;C:\WINDOWS\system32;C:\WINDOWS;C:\WINDOWS\System32\Wbem;C:\WINDOWS\System32\WindowsPowerShell\v1.0\;C:\WINDOWS\System32\OpenSSH\;C:\Program Files\apache-maven-4.0.0-alpha-4\bin;C:\Program Files\nodejs\;C:\ProgramData\chocolatey\bin;C:\xampp\php;C:\composer;C:\Users\mahen\AppData\Local\Programs\Python\Python310\Scripts\;C:\Users\mahen\AppData\Local\Programs\Python\Python310\;C:\Program Files\Java\jdk-14\bin;C:\Program Files\JetBrains\IntelliJ IDEA 2022.1\bin;;C:\Program Files\flutter_windows_2.10.5-stable\flutter\bin;C:\Users\mahen\AppData\Local\JetBrains\IntelliJ IDEA Community Edition 2022.1\bin;;C:\Users\mahen\.dotnet\tools;C:\Users\mahen\AppData\Local\Microsoft\WindowsApps;C:\Users\mahen\AppData\Local\GitHubDesktop\bin;C:\Users\mahen\AppData\Local\Programs\Microsoft VS Code\bin;C:\Users\mahen\AppData\Roaming\npm;C:\Users\mahen\AppData\Roaming\Composer\vendor\bin;."/>
    <property name="HOMEDRIVE" value="C:"/>
    <property name="POM_GROUPID" value="Transmedia.inc"/>
    <property name="POM_ARTIFACTID" value="Transmedia.inc"/>
    <property name="java.class.version" value="55.0"/>
    <property name="JOB_URL" value="http://localhost:8080/job/Tranmedia/"/>
    <property name="OneDrive" value="C:\Users\mahen\OneDrive - Sri Lanka Institute of Information Technology"/>
    <property name="RUN_DISPLAY_URL" value="http://localhost:8080/job/Tranmedia/6/display/redirect"/>
    <property name="JENKINS_HOME" value="C:\Users\mahen\.jenkins"/>
    <property name="BUILD_ID" value="6"/>
    <property name="TEMP" value="C:\Users\mahen\AppData\Local\Temp"/>
    <property name="sun.boot.library.path" value="C:\Program Files\AdoptOpenJDK\jdk-11.0.9.101-hotspot\bin"/>
    <property name="sun.management.compiler" value="HotSpot 64-Bit Tiered Compilers"/>
    <property name="java.awt.graphicsenv" value="sun.awt.Win32GraphicsEnvironment"/>
    <property name="user.variant" value=""/>
    <property name="PROCESSOR_REVISION" value="8c01"/>
    <property name="POM_VERSION" value="0.0.1-SNAPSHOT"/>
    <property name="HUDSON_HOME" value="C:\Users\mahen\.jenkins"/>
    <property name="ProgramFiles(x86)" value="C:\Program Files (x86)"/>
    <property name="PATH+MAVEN" value="C:\Users\mahen\.jenkins\tools\hudson.tasks.Maven_MavenInstallation\Apache_Maven/bin"/>
    <property name="IntelliJ IDEA" value="C:\Program Files\JetBrains\IntelliJ IDEA 2022.1\bin;"/>
    <property name="USERDOMAIN_ROAMINGPROFILE" value="LAPTOP-0TNBCBLL"/>
    <property name="RUN_ARTIFACTS_DISPLAY_URL" value="http://localhost:8080/job/Tranmedia/6/display/redirect?page=artifacts"/>
    <property name="PROMPT" value="$P$G"/>
    <property name="java.vm.specification.version" value="11"/>
    <property name="JAVA_HOME" value="C:\Program Files\Java\jdk-15.0.2"/>
    <property name="awt.toolkit" value="sun.awt.windows.WToolkit"/>
    <property name="NODE_LABELS" value="built-in"/>
    <property name="sun.cpu.isalist" value="amd64"/>
    <property name="USERPROFILE" value="C:\Users\mahen"/>
    <property name="java.vm.compressedOopsMode" value="32-bit"/>
    <property name="asl.log" value="Destination=file"/>
    <property name="JOB_DISPLAY_URL" value="http://localhost:8080/job/Tranmedia/display/redirect"/>
    <property name="os.version" value="10.0"/>
    <property name="user.home" value="C:\Users\mahen"/>
    <property name="USERNAME" value="mahen"/>
    <property name="java.vm.vendor" value="AdoptOpenJDK"/>
    <property name="PROCESSOR_LEVEL" value="6"/>
    <property name="CommonProgramW6432" value="C:\Program Files\Common Files"/>
    <property name="user.dir" value="D:\Automation\LearnJava\Transmedia.inc"/>
    <property name="maven.conf" value="C:\Users\mahen\.jenkins\tools\hudson.tasks.Maven_MavenInstallation\Apache_Maven\conf"/>
    <property name="ProgramW6432" value="C:\Program Files"/>
    <property name="TMP" value="C:\Users\mahen\AppData\Local\Temp"/>
    <property name="sun.cpu.endian" value="little"/>
    <property name="SystemDrive" value="C:"/>
    <property name="java.vm.version" value="11.0.9.1+1"/>
    <property name="java.class.path" value="C:\Users\mahen\.jenkins\plugins\maven-plugin\WEB-INF\lib\maven35-agent-1.14.jar;C:\Users\mahen\.jenkins\tools\hudson.tasks.Maven_MavenInstallation\Apache_Maven\boot\plexus-classworlds-2.8.0.jar;C:\Users\mahen\.jenkins\tools\hudson.tasks.Maven_MavenInstallation\Apache_Maven/conf/logging"/>
    <property name="org.slf4j.simpleLogger.defaultLogLevel" value="info"/>
    <property name="os.arch" value="amd64"/>
    <property name="WORKSPACE" value="C:\Users\mahen\.jenkins\workspace\Tranmedia"/>
    <property name="ComSpec" value="C:\WINDOWS\system32\cmd.exe"/>
    <property name="RUN_TESTS_DISPLAY_URL" value="http://localhost:8080/job/Tranmedia/6/display/redirect?page=tests"/>
    <property name="sun.java.launcher" value="SUN_STANDARD"/>
    <property name="FPS_BROWSER_APP_PROFILE_STRING" value="Internet Explorer"/>
    <property name="SystemRoot" value="C:\WINDOWS"/>
    <property name="CommonProgramFiles" value="C:\Program Files\Common Files"/>
    <property name="java.vm.specification.vendor" value="Oracle Corporation"/>
    <property name="FPS_BROWSER_USER_PROFILE_STRING" value="Default"/>
    <property name="file.separator" value="\"/>
    <property name="ChocolateyInstall" value="C:\ProgramData\chocolatey"/>
    <property name="java.runtime.version" value="11.0.9.1+1"/>
    <property name="ProgramFiles" value="C:\Program Files"/>
    <property name="user.country" value="US"/>
    <property name="POM_PACKAGING" value="jar"/>
    <property name="maven.home" value="C:\Users\mahen\.jenkins\tools\hudson.tasks.Maven_MavenInstallation\Apache_Maven"/>
    <property name="JOB_BASE_NAME" value="Tranmedia"/>
    <property name="java.vendor.version" value="AdoptOpenJDK"/>
    <property name="java.vendor" value="AdoptOpenJDK"/>
    <property name="java.specification.version" value="11"/>
    <property name="POM_DISPLAYNAME" value="Transmedia.inc"/>
    <property name="sun.arch.data.model" value="64"/>
  </properties>
  <testcase name="runScenario" classname="Runner.Runner" time="11.969"/>
  <testcase name="runScenario" classname="Runner.Runner" time="3.374"/>
  <testcase name="runScenario" classname="Runner.Runner" time="2.371"/>
</testsuite>