<?xml version="1.0" encoding="UTF-8"?>
<!-- Generated by org.testng.reporters.JUnitReportReporter -->
<testsuite hostname="LAPTOP-0TNBCBLL" failures="0" tests="1" name="Runner.Runner" time="7.946" errors="0" timestamp="2024-07-08T23:39:42 IST" skipped="0">
  <testcase classname="Runner.Runner" name="runScenario" time="7.946"/>
</testsuite> <!-- Runner.Runner -->
