<?xml version="1.0" encoding="UTF-8"?>
<!-- Generated by org.testng.reporters.JUnitReportReporter -->
<testsuite hostname="LAPTOP-0TNBCBLL" failures="0" tests="3" name="Runner.Runner" time="12.711" errors="0" timestamp="2024-07-12T23:06:01 IST" skipped="0">
  <testcase classname="Runner.Runner" name="runScenario" time="2.890"/>
  <testcase classname="Runner.Runner" name="runScenario" time="2.151"/>
  <testcase classname="Runner.Runner" name="runScenario" time="7.670"/>
</testsuite> <!-- Runner.Runner -->
