<?xml version="1.0" encoding="UTF-8"?>
<!-- Generated by org.testng.reporters.JUnitReportReporter -->
<testsuite hostname="LAPTOP-0TNBCBLL" failures="0" tests="1" name="Runner.Runner" time="8.077" errors="1" timestamp="2024-07-07T21:17:41 IST" skipped="0">
  <testcase classname="Runner.Runner" name="runScenario" time="8.077">
    <error message="TODO: implement me" type="io.cucumber.java.PendingException">
      <![CDATA[io.cucumber.java.PendingException: TODO: implement me
at StepDefinitions.loginStepDefinitions.verifying_the_error_message_as(loginStepDefinitions.java:67)
at âœ½.Verifying the error message as "Epic sadface: Username and password do not match any user in this service"(file:///D:/Automation/LearnJava/Transmedia.inc/src/test/resources/Feature/login.feature:23)
]]>
    </error>
  </testcase> <!-- runScenario -->
</testsuite> <!-- Runner.Runner -->
