<?xml version="1.0" encoding="UTF-8"?>
<!-- Generated by org.testng.reporters.JUnitReportReporter -->
<testsuite hostname="LAPTOP-0TNBCBLL" failures="0" tests="3" name="Runner.Runner" time="13.207" errors="0" timestamp="2024-07-09T18:37:30 IST" skipped="0">
  <testcase classname="Runner.Runner" name="runScenario" time="2.316"/>
  <testcase classname="Runner.Runner" name="runScenario" time="2.903"/>
  <testcase classname="Runner.Runner" name="runScenario" time="7.988"/>
</testsuite> <!-- Runner.Runner -->
