<?xml version="1.0" encoding="UTF-8"?>
<!-- Generated by org.testng.reporters.JUnitReportReporter -->
<testsuite hostname="LAPTOP-0TNBCBLL" failures="0" tests="3" name="Runner.Runner" time="17.715" errors="0" timestamp="2024-07-12T22:44:51 IST" skipped="0">
  <testcase classname="Runner.Runner" name="runScenario" time="11.967"/>
  <testcase classname="Runner.Runner" name="runScenario" time="3.374"/>
  <testcase classname="Runner.Runner" name="runScenario" time="2.374"/>
</testsuite> <!-- Runner.Runner -->
